<?xml version="1.0" encoding="UTF-8"?>
<!-- Generated by org.testng.reporters.JUnitXMLReporter -->
<testsuite hostname="Shahnawaz-PC" name="Test" tests="4" failures="0" timestamp="29 Sep 2016 16:12:02 GMT" time="0.069" errors="0">
  <testcase name="testOne" time="0.016" classname="com.pack.one.TestA"/>
  <testcase name="testTwo" time="0.0" classname="com.pack.one.TestA"/>
  <testcase name="testOne" time="0.0" classname="com.pack.two.TestB"/>
  <testcase name="testTwo" time="0.0" classname="com.pack.two.TestB"/>
</testsuite> <!-- Test -->
